Using pre-set license
Built from '2021.3/staging' branch; Version is '2021.3.4f1 (cb45f9cae8b7) revision 13321721'; Using compiler version '192829333'; Build Type 'Release'
OS: 'Windows 10  (10.0.19044) 64bit Professional' Language: 'en' Physical Memory: 16306 MB
BatchMode: 1, IsHumanControllingUs: 0, StartBugReporterOnCrash: 0, Is64bit: 1, IsPro: 1

COMMAND LINE ARGUMENTS:
D:\Program Files\Unity\Hub\Editor\2021.3.4f1\Editor\Unity.exe
-adb2
-batchMode
-noUpm
-name
AssetImportWorker2
-projectPath
D:/Unity Projects/PoC
-logFile
Logs/AssetImportWorker2.log
-srvPort
53726
Successfully changed project path to: D:/Unity Projects/PoC
D:/Unity Projects/PoC
[UnityMemory] Configuration Parameters - Can be set up in boot.config
    "memorysetup-bucket-allocator-granularity=16"
    "memorysetup-bucket-allocator-bucket-count=8"
    "memorysetup-bucket-allocator-block-size=33554432"
    "memorysetup-bucket-allocator-block-count=8"
    "memorysetup-main-allocator-block-size=16777216"
    "memorysetup-thread-allocator-block-size=16777216"
    "memorysetup-gfx-main-allocator-block-size=16777216"
    "memorysetup-gfx-thread-allocator-block-size=16777216"
    "memorysetup-cache-allocator-block-size=4194304"
    "memorysetup-typetree-allocator-block-size=2097152"
    "memorysetup-profiler-bucket-allocator-granularity=16"
    "memorysetup-profiler-bucket-allocator-bucket-count=8"
    "memorysetup-profiler-bucket-allocator-block-size=33554432"
    "memorysetup-profiler-bucket-allocator-block-count=8"
    "memorysetup-profiler-allocator-block-size=16777216"
    "memorysetup-profiler-editor-allocator-block-size=1048576"
    "memorysetup-temp-allocator-size-main=16777216"
    "memorysetup-job-temp-allocator-block-size=2097152"
    "memorysetup-job-temp-allocator-block-size-background=1048576"
    "memorysetup-job-temp-allocator-reduction-small-platforms=262144"
    "memorysetup-temp-allocator-size-background-worker=32768"
    "memorysetup-temp-allocator-size-job-worker=262144"
    "memorysetup-temp-allocator-size-preload-manager=33554432"
    "memorysetup-temp-allocator-size-nav-mesh-worker=65536"
    "memorysetup-temp-allocator-size-audio-worker=65536"
    "memorysetup-temp-allocator-size-cloud-worker=32768"
    "memorysetup-temp-allocator-size-gi-baking-worker=262144"
    "memorysetup-temp-allocator-size-gfx=262144"
Refreshing native plugins compatible for Editor in 65.90 ms, found 3 plugins.
Preloading 0 native plugins for Editor in 0.00 ms.
Initialize engine version: 2021.3.4f1 (cb45f9cae8b7)
[Subsystems] Discovering subsystems at path D:/Program Files/Unity/Hub/Editor/2021.3.4f1/Editor/Data/Resources/UnitySubsystems
[Subsystems] Discovering subsystems at path D:/Unity Projects/PoC/Assets
GfxDevice: creating device client; threaded=0; jobified=0
Direct3D:
    Version:  Direct3D 11.0 [level 11.1]
    Renderer: NVIDIA GeForce GTX 1660 SUPER (ID=0x21c4)
    Vendor:   NVIDIA
    VRAM:     5991 MB
    Driver:   31.0.15.1640
Initialize mono
Mono path[0] = 'D:/Program Files/Unity/Hub/Editor/2021.3.4f1/Editor/Data/Managed'
Mono path[1] = 'D:/Program Files/Unity/Hub/Editor/2021.3.4f1/Editor/Data/MonoBleedingEdge/lib/mono/unityjit-win32'
Mono config path = 'D:/Program Files/Unity/Hub/Editor/2021.3.4f1/Editor/Data/MonoBleedingEdge/etc'
Using monoOptions --debugger-agent=transport=dt_socket,embedding=1,server=y,suspend=n,address=127.0.0.1:56388
Begin MonoManager ReloadAssembly
Registering precompiled unity dll's ...
Register platform support module: D:/Program Files/Unity/Hub/Editor/2021.3.4f1/Editor/Data/PlaybackEngines/WebGLSupport/UnityEditor.WebGL.Extensions.dll
Register platform support module: D:/Program Files/Unity/Hub/Editor/2021.3.4f1/Editor/Data/PlaybackEngines/WindowsStandaloneSupport/UnityEditor.WindowsStandalone.Extensions.dll
Registered in 0.002554 seconds.
Native extension for WindowsStandalone target not found
Native extension for WebGL target not found
Refreshing native plugins compatible for Editor in 62.55 ms, found 3 plugins.
Preloading 0 native plugins for Editor in 0.00 ms.
Mono: successfully reloaded assembly
- Completed reload, in  0.420 seconds
Domain Reload Profiling:
	ReloadAssembly (420ms)
		BeginReloadAssembly (44ms)
			ExecutionOrderSort (0ms)
			DisableScriptedObjects (0ms)
			BackupInstance (0ms)
			ReleaseScriptingObjects (0ms)
			CreateAndSetChildDomain (1ms)
		EndReloadAssembly (308ms)
			LoadAssemblies (43ms)
			RebuildTransferFunctionScriptingTraits (0ms)
			SetupTypeCache (63ms)
			ReleaseScriptCaches (0ms)
			RebuildScriptCaches (17ms)
			SetupLoadedEditorAssemblies (194ms)
				LogAssemblyErrors (0ms)
				InitializePlatformSupportModulesInManaged (6ms)
				SetLoadedEditorAssemblies (0ms)
				RefreshPlugins (63ms)
				BeforeProcessingInitializeOnLoad (1ms)
				ProcessInitializeOnLoadAttributes (96ms)
				ProcessInitializeOnLoadMethodAttributes (30ms)
				AfterProcessingInitializeOnLoad (0ms)
				EditorAssembliesLoaded (0ms)
			ExecutionOrderSort2 (0ms)
			AwakeInstancesAfterBackupRestoration (0ms)
Platform modules already initialized, skipping
Registering precompiled user dll's ...
Registered in 0.002705 seconds.
Begin MonoManager ReloadAssembly
Symbol file LoadedFromMemory doesn't match image D:\Unity Projects\PoC\Library\PackageCache\com.unity.visualscripting@1.7.8\Editor\VisualScripting.Core\Dependencies\YamlDotNet\Unity.VisualScripting.YamlDotNet.dll
Symbol file LoadedFromMemory doesn't match image D:\Unity Projects\PoC\Library\PackageCache\com.unity.visualscripting@1.7.8\Editor\VisualScripting.Core\Dependencies\DotNetZip\Unity.VisualScripting.IonicZip.dll
Native extension for WindowsStandalone target not found
Native extension for WebGL target not found
Refreshing native plugins compatible for Editor in 0.57 ms, found 3 plugins.
Preloading 0 native plugins for Editor in 0.00 ms.
Mono: successfully reloaded assembly
- Completed reload, in  0.646 seconds
Domain Reload Profiling:
	ReloadAssembly (647ms)
		BeginReloadAssembly (71ms)
			ExecutionOrderSort (0ms)
			DisableScriptedObjects (4ms)
			BackupInstance (0ms)
			ReleaseScriptingObjects (0ms)
			CreateAndSetChildDomain (13ms)
		EndReloadAssembly (504ms)
			LoadAssemblies (48ms)
			RebuildTransferFunctionScriptingTraits (0ms)
			SetupTypeCache (155ms)
			ReleaseScriptCaches (0ms)
			RebuildScriptCaches (30ms)
			SetupLoadedEditorAssemblies (246ms)
				LogAssemblyErrors (0ms)
				InitializePlatformSupportModulesInManaged (4ms)
				SetLoadedEditorAssemblies (0ms)
				RefreshPlugins (1ms)
				BeforeProcessingInitializeOnLoad (59ms)
				ProcessInitializeOnLoadAttributes (160ms)
				ProcessInitializeOnLoadMethodAttributes (19ms)
				AfterProcessingInitializeOnLoad (3ms)
				EditorAssembliesLoaded (0ms)
			ExecutionOrderSort2 (0ms)
			AwakeInstancesAfterBackupRestoration (4ms)
Platform modules already initialized, skipping
========================================================================
Worker process is ready to serve import requests
Launched and connected shader compiler UnityShaderCompiler.exe after 0.03 seconds
Refreshing native plugins compatible for Editor in 0.55 ms, found 3 plugins.
Preloading 0 native plugins for Editor in 0.00 ms.
Unloading 3369 Unused Serialized files (Serialized files now loaded: 0)
Unloading 27 unused Assets / (111.0 KB). Loaded Objects now: 3826.
Memory consumption went from 116.0 MB to 115.8 MB.
Total: 2.199400 ms (FindLiveObjects: 0.158900 ms CreateObjectMapping: 0.071000 ms MarkObjects: 1.899700 ms  DeleteObjects: 0.069200 ms)

AssetImportParameters requested are different than current active one (requested -> active):
  custom:video-decoder-ogg-theora: a1e56fd34408186e4bbccfd4996cb3dc -> 
  custom:container-muxer-webm: aa71ff27fc2769a1b78a27578f13a17b -> 
  custom:container-demuxer-webm: 4f35f7cbe854078d1ac9338744f61a02 -> 
  custom:video-encoder-webm-vp8: eb34c28f22e8b96e1ab97ce403110664 -> 
  custom:audio-encoder-webm-vorbis: bf7c407c2cedff20999df2af8eb42d56 -> 
  custom:framework-win-MediaFoundation: 216162199b28c13a410421893ffa2e32 -> 
  custom:container-demuxer-ogg: 62fdf1f143b41e24485cea50d1cbac27 -> 
  custom:video-decoder-webm-vp8: 9c59270c3fd7afecdb556c50c9e8de78 -> 
  custom:audio-decoder-ogg-vorbis: bf7c407c2cedff20999df2af8eb42d56 -> 
========================================================================
Received Import Request.
  Time since last request: 18357.909495 seconds.
  path: Assets/Sci-Fi Styled Modular Pack/Prefabs/Corridors
  artifactKey: Guid(b96310b789269854c9e8eaca0597493b) Importer(815301076,1909f56bfc062723c751e8b465ee728b)
Start importing Assets/Sci-Fi Styled Modular Pack/Prefabs/Corridors using Guid(b96310b789269854c9e8eaca0597493b) Importer(815301076,1909f56bfc062723c751e8b465ee728b)  -> (artifact id: '60efd274497dace4d2e0e2446bdb8670') in 0.008455 seconds 
========================================================================
Received Import Request.
  Time since last request: 0.062893 seconds.
  path: Assets/Sci-Fi Styled Modular Pack/Prefabs/Corridors/Corridor_1.prefab
  artifactKey: Guid(f18932879bb23b84ca5370b65419ee41) Importer(815301076,1909f56bfc062723c751e8b465ee728b)
Start importing Assets/Sci-Fi Styled Modular Pack/Prefabs/Corridors/Corridor_1.prefab using Guid(f18932879bb23b84ca5370b65419ee41) Importer(815301076,1909f56bfc062723c751e8b465ee728b)  -> (artifact id: '136a596886a7c525fff5ad0a5a1b66a3') in 0.321992 seconds 
========================================================================
Received Import Request.
  Time since last request: 0.000017 seconds.
  path: Assets/Sci-Fi Styled Modular Pack/Prefabs/Corridors/Corridor_X.prefab
  artifactKey: Guid(d17bc9c1cdef1c5448255edad31c1c61) Importer(815301076,1909f56bfc062723c751e8b465ee728b)
Start importing Assets/Sci-Fi Styled Modular Pack/Prefabs/Corridors/Corridor_X.prefab using Guid(d17bc9c1cdef1c5448255edad31c1c61) Importer(815301076,1909f56bfc062723c751e8b465ee728b)  -> (artifact id: 'c2822e43d6fee33810841a96bee73d7d') in 0.171562 seconds 
========================================================================
Received Import Request.
  Time since last request: 12.097532 seconds.
  path: Assets/Sci-Fi Styled Modular Pack/Prefabs/Stairs
  artifactKey: Guid(6d2be673da8ba5442a237159cbceb59f) Importer(815301076,1909f56bfc062723c751e8b465ee728b)
Start importing Assets/Sci-Fi Styled Modular Pack/Prefabs/Stairs using Guid(6d2be673da8ba5442a237159cbceb59f) Importer(815301076,1909f56bfc062723c751e8b465ee728b)  -> (artifact id: 'b9711b6491d21c8108820474bfc6caa3') in 0.003856 seconds 
========================================================================
Received Import Request.
  Time since last request: 0.046120 seconds.
  path: Assets/Sci-Fi Styled Modular Pack/Prefabs/Stairs/stairs_big_with_emmision.prefab
  artifactKey: Guid(964ef5212b7340f4cb5eff37c56177aa) Importer(815301076,1909f56bfc062723c751e8b465ee728b)
Start importing Assets/Sci-Fi Styled Modular Pack/Prefabs/Stairs/stairs_big_with_emmision.prefab using Guid(964ef5212b7340f4cb5eff37c56177aa) Importer(815301076,1909f56bfc062723c751e8b465ee728b)  -> (artifact id: 'c43cb9aca8c20a18c51561aae775ad5a') in 0.012455 seconds 
========================================================================
Received Import Request.
  Time since last request: 0.000016 seconds.
  path: Assets/Sci-Fi Styled Modular Pack/Prefabs/Stairs/stairs_small_with_emmision.prefab
  artifactKey: Guid(8da4079fb873f6b458c21ed4e56da94b) Importer(815301076,1909f56bfc062723c751e8b465ee728b)
Start importing Assets/Sci-Fi Styled Modular Pack/Prefabs/Stairs/stairs_small_with_emmision.prefab using Guid(8da4079fb873f6b458c21ed4e56da94b) Importer(815301076,1909f56bfc062723c751e8b465ee728b)  -> (artifact id: '034b1c4c4f626ec5b8f02c6df66ece3e') in 0.013961 seconds 
========================================================================
Received Import Request.
  Time since last request: 6.544101 seconds.
  path: Assets/Sci-Fi Styled Modular Pack/Prefabs/Decorative elements
  artifactKey: Guid(eef4d684156c15f488dce33a106bf85e) Importer(815301076,1909f56bfc062723c751e8b465ee728b)
Start importing Assets/Sci-Fi Styled Modular Pack/Prefabs/Decorative elements using Guid(eef4d684156c15f488dce33a106bf85e) Importer(815301076,1909f56bfc062723c751e8b465ee728b)  -> (artifact id: 'd73072157d398e5dfaa5668ba47fbc26') in 0.005611 seconds 
========================================================================
Received Import Request.
  Time since last request: 0.041650 seconds.
  path: Assets/Sci-Fi Styled Modular Pack/Prefabs/Decorative elements/bed.prefab
  artifactKey: Guid(43d083e8215b4544594282d6c144d7ba) Importer(815301076,1909f56bfc062723c751e8b465ee728b)
Start importing Assets/Sci-Fi Styled Modular Pack/Prefabs/Decorative elements/bed.prefab using Guid(43d083e8215b4544594282d6c144d7ba) Importer(815301076,1909f56bfc062723c751e8b465ee728b)  -> (artifact id: 'a7d070fe9f70d7affb34bf0cfef34fd6') in 0.018541 seconds 
========================================================================
Received Import Request.
  Time since last request: 0.000013 seconds.
  path: Assets/Sci-Fi Styled Modular Pack/Prefabs/Decorative elements/console.prefab
  artifactKey: Guid(d78f2ba16003e6e4681b4702d6dcb72e) Importer(815301076,1909f56bfc062723c751e8b465ee728b)
Start importing Assets/Sci-Fi Styled Modular Pack/Prefabs/Decorative elements/console.prefab using Guid(d78f2ba16003e6e4681b4702d6dcb72e) Importer(815301076,1909f56bfc062723c751e8b465ee728b)  -> (artifact id: '25568a1e941b8e39b0afa947668a2f40') in 0.016418 seconds 
========================================================================
Received Import Request.
  Time since last request: 0.000020 seconds.
  path: Assets/Sci-Fi Styled Modular Pack/Prefabs/Decorative elements/console_screen.prefab
  artifactKey: Guid(814f2f52d8dd87948a0fba9364aa412b) Importer(815301076,1909f56bfc062723c751e8b465ee728b)
Start importing Assets/Sci-Fi Styled Modular Pack/Prefabs/Decorative elements/console_screen.prefab using Guid(814f2f52d8dd87948a0fba9364aa412b) Importer(815301076,1909f56bfc062723c751e8b465ee728b)  -> (artifact id: 'e193dc1edd0947ec34e310b585412562') in 0.011916 seconds 
========================================================================
Received Import Request.
  Time since last request: 0.000026 seconds.
  path: Assets/Sci-Fi Styled Modular Pack/Prefabs/Decorative elements/hydroponic.prefab
  artifactKey: Guid(1759eacdee08e12408d757d50755a6d0) Importer(815301076,1909f56bfc062723c751e8b465ee728b)
Start importing Assets/Sci-Fi Styled Modular Pack/Prefabs/Decorative elements/hydroponic.prefab using Guid(1759eacdee08e12408d757d50755a6d0) Importer(815301076,1909f56bfc062723c751e8b465ee728b)  -> (artifact id: 'f9906c416ec5236fda595e080275b5db') in 0.072153 seconds 
========================================================================
Received Import Request.
  Time since last request: 0.000013 seconds.
  path: Assets/Sci-Fi Styled Modular Pack/Prefabs/Decorative elements/decorative_chair.prefab
  artifactKey: Guid(ce9f6338cd38cc242ae7ba54eb5ca686) Importer(815301076,1909f56bfc062723c751e8b465ee728b)
Start importing Assets/Sci-Fi Styled Modular Pack/Prefabs/Decorative elements/decorative_chair.prefab using Guid(ce9f6338cd38cc242ae7ba54eb5ca686) Importer(815301076,1909f56bfc062723c751e8b465ee728b)  -> (artifact id: '81557db6f80bf4ad6e9a06bfe6459b7c') in 0.012209 seconds 
========================================================================
Received Import Request.
  Time since last request: 0.000018 seconds.
  path: Assets/Sci-Fi Styled Modular Pack/Prefabs/Decorative elements/floor_corner_ornament_pipes_corner.prefab
  artifactKey: Guid(fe8bb31403053dd44ae7ac2396ff8fa4) Importer(815301076,1909f56bfc062723c751e8b465ee728b)
Start importing Assets/Sci-Fi Styled Modular Pack/Prefabs/Decorative elements/floor_corner_ornament_pipes_corner.prefab using Guid(fe8bb31403053dd44ae7ac2396ff8fa4) Importer(815301076,1909f56bfc062723c751e8b465ee728b)  -> (artifact id: '47626a089b266d5f9ea9cda5dbc4c056') in 0.011036 seconds 
========================================================================
Received Import Request.
  Time since last request: 0.000021 seconds.
  path: Assets/Sci-Fi Styled Modular Pack/Prefabs/Decorative elements/cabinet.prefab
  artifactKey: Guid(b3f6e169466f65a4aa48e83805d9e440) Importer(815301076,1909f56bfc062723c751e8b465ee728b)
Start importing Assets/Sci-Fi Styled Modular Pack/Prefabs/Decorative elements/cabinet.prefab using Guid(b3f6e169466f65a4aa48e83805d9e440) Importer(815301076,1909f56bfc062723c751e8b465ee728b)  -> (artifact id: '4e1246d6bb46d00d66a5d194dd81b27a') in 0.013356 seconds 
========================================================================
Received Import Request.
  Time since last request: 0.000015 seconds.
  path: Assets/Sci-Fi Styled Modular Pack/Prefabs/Decorative elements/decorative_plant_desk.prefab
  artifactKey: Guid(7dd02c12b2c21ff49aa148934b3c1395) Importer(815301076,1909f56bfc062723c751e8b465ee728b)
Start importing Assets/Sci-Fi Styled Modular Pack/Prefabs/Decorative elements/decorative_plant_desk.prefab using Guid(7dd02c12b2c21ff49aa148934b3c1395) Importer(815301076,1909f56bfc062723c751e8b465ee728b)  -> (artifact id: '0916bad2d3057dd997a2c56f33bc10bc') in 0.017037 seconds 
========================================================================
Received Import Request.
  Time since last request: 0.000019 seconds.
  path: Assets/Sci-Fi Styled Modular Pack/Prefabs/Decorative elements/floor_corner_ornament.prefab
  artifactKey: Guid(0759e5b8616fa854dbb807a3ac19ec2b) Importer(815301076,1909f56bfc062723c751e8b465ee728b)
Start importing Assets/Sci-Fi Styled Modular Pack/Prefabs/Decorative elements/floor_corner_ornament.prefab using Guid(0759e5b8616fa854dbb807a3ac19ec2b) Importer(815301076,1909f56bfc062723c751e8b465ee728b)  -> (artifact id: 'e046305dab74cb2d00213550c91c0297') in 0.011755 seconds 
========================================================================
Received Import Request.
  Time since last request: 0.000014 seconds.
  path: Assets/Sci-Fi Styled Modular Pack/Prefabs/Decorative elements/console_celing.prefab
  artifactKey: Guid(104703105626daa4f8b3f24af487d01d) Importer(815301076,1909f56bfc062723c751e8b465ee728b)
Start importing Assets/Sci-Fi Styled Modular Pack/Prefabs/Decorative elements/console_celing.prefab using Guid(104703105626daa4f8b3f24af487d01d) Importer(815301076,1909f56bfc062723c751e8b465ee728b)  -> (artifact id: '25097237963e2c5a23f93286a2d82453') in 0.011604 seconds 
========================================================================
Received Import Request.
  Time since last request: 2.679454 seconds.
  path: Assets/Sci-Fi Styled Modular Pack/Prefabs/Decorative elements/Arts
  artifactKey: Guid(e1789e0a7f3409a459801d45d09aecb9) Importer(815301076,1909f56bfc062723c751e8b465ee728b)
Start importing Assets/Sci-Fi Styled Modular Pack/Prefabs/Decorative elements/Arts using Guid(e1789e0a7f3409a459801d45d09aecb9) Importer(815301076,1909f56bfc062723c751e8b465ee728b)  -> (artifact id: '948dddbfd8ff8b156ca84d956a4c26ff') in 0.004005 seconds 
========================================================================
Received Import Request.
  Time since last request: 0.054414 seconds.
  path: Assets/Sci-Fi Styled Modular Pack/Prefabs/Decorative elements/Arts/art_1.prefab
  artifactKey: Guid(bddb1706eb9e38c4c8aad9e975af8fba) Importer(815301076,1909f56bfc062723c751e8b465ee728b)
Start importing Assets/Sci-Fi Styled Modular Pack/Prefabs/Decorative elements/Arts/art_1.prefab using Guid(bddb1706eb9e38c4c8aad9e975af8fba) Importer(815301076,1909f56bfc062723c751e8b465ee728b)  -> (artifact id: 'c0605a31d8d50124ac84d2902e9c411b') in 0.012141 seconds 
========================================================================
Received Import Request.
  Time since last request: 0.000013 seconds.
  path: Assets/Sci-Fi Styled Modular Pack/Prefabs/Decorative elements/Arts/art_5.prefab
  artifactKey: Guid(b1b2094e689c43d4ea4fd01f7c8b5849) Importer(815301076,1909f56bfc062723c751e8b465ee728b)
Start importing Assets/Sci-Fi Styled Modular Pack/Prefabs/Decorative elements/Arts/art_5.prefab using Guid(b1b2094e689c43d4ea4fd01f7c8b5849) Importer(815301076,1909f56bfc062723c751e8b465ee728b)  -> (artifact id: 'df313d1a1491d402c5672321ddcb7d6f') in 0.012878 seconds 
========================================================================
Received Import Request.
  Time since last request: 1.560848 seconds.
  path: Assets/Sci-Fi Styled Modular Pack/Prefabs/Decorative elements/Column
  artifactKey: Guid(260b3aefe7560de46982de7f83ddf8ae) Importer(815301076,1909f56bfc062723c751e8b465ee728b)
Start importing Assets/Sci-Fi Styled Modular Pack/Prefabs/Decorative elements/Column using Guid(260b3aefe7560de46982de7f83ddf8ae) Importer(815301076,1909f56bfc062723c751e8b465ee728b)  -> (artifact id: '17f483f740cefb6b9d98b3f2d9222b8a') in 0.003754 seconds 
========================================================================
Received Import Request.
  Time since last request: 0.079979 seconds.
  path: Assets/Sci-Fi Styled Modular Pack/Prefabs/Decorative elements/Column/column_end.prefab
  artifactKey: Guid(d10d3ce46f3a5d84cbcccd4f14bf3958) Importer(815301076,1909f56bfc062723c751e8b465ee728b)
Start importing Assets/Sci-Fi Styled Modular Pack/Prefabs/Decorative elements/Column/column_end.prefab using Guid(d10d3ce46f3a5d84cbcccd4f14bf3958) Importer(815301076,1909f56bfc062723c751e8b465ee728b)  -> (artifact id: '6eb626005831b95eab95a50aa7bb11a8') in 0.020369 seconds 
========================================================================
Received Import Request.
  Time since last request: 5.780360 seconds.
  path: Assets/Sci-Fi Styled Modular Pack/Prefabs/Floors
  artifactKey: Guid(f5318563da884874182b4ef60d507b3a) Importer(815301076,1909f56bfc062723c751e8b465ee728b)
Start importing Assets/Sci-Fi Styled Modular Pack/Prefabs/Floors using Guid(f5318563da884874182b4ef60d507b3a) Importer(815301076,1909f56bfc062723c751e8b465ee728b)  -> (artifact id: 'cc872b673f0a7a3d469b441bb4b8641c') in 0.004201 seconds 
========================================================================
Received Import Request.
  Time since last request: 0.054386 seconds.
  path: Assets/Sci-Fi Styled Modular Pack/Prefabs/Floors/floor_1.prefab
  artifactKey: Guid(5bceb99c9fa1f2a4bb9692e518bec46c) Importer(815301076,1909f56bfc062723c751e8b465ee728b)
Start importing Assets/Sci-Fi Styled Modular Pack/Prefabs/Floors/floor_1.prefab using Guid(5bceb99c9fa1f2a4bb9692e518bec46c) Importer(815301076,1909f56bfc062723c751e8b465ee728b)  -> (artifact id: 'c2bfd7a92c87926606f0d668f4f32791') in 0.012578 seconds 
========================================================================
Received Import Request.
  Time since last request: 0.000013 seconds.
  path: Assets/Sci-Fi Styled Modular Pack/Prefabs/Floors/floor_3_no_clamps.prefab
  artifactKey: Guid(d4c686e5f86722a409d1d35154c22d14) Importer(815301076,1909f56bfc062723c751e8b465ee728b)
Start importing Assets/Sci-Fi Styled Modular Pack/Prefabs/Floors/floor_3_no_clamps.prefab using Guid(d4c686e5f86722a409d1d35154c22d14) Importer(815301076,1909f56bfc062723c751e8b465ee728b)  -> (artifact id: '3798c2b2d5173369d3c514cbe34f007a') in 0.012816 seconds 
========================================================================
Received Import Request.
  Time since last request: 0.000012 seconds.
  path: Assets/Sci-Fi Styled Modular Pack/Prefabs/Floors/floor_2_no_lattice.prefab
  artifactKey: Guid(4e32615977c0a9f4688fa0d66b0a93e5) Importer(815301076,1909f56bfc062723c751e8b465ee728b)
Start importing Assets/Sci-Fi Styled Modular Pack/Prefabs/Floors/floor_2_no_lattice.prefab using Guid(4e32615977c0a9f4688fa0d66b0a93e5) Importer(815301076,1909f56bfc062723c751e8b465ee728b)  -> (artifact id: '2aff6b825896881752606259efd8fe75') in 0.013726 seconds 
========================================================================
Received Import Request.
  Time since last request: 477.140959 seconds.
  path: Assets/Sci-Fi Styled Modular Pack/Prefabs/Joints
  artifactKey: Guid(91631326900d7ec47b43c88b501ce361) Importer(815301076,1909f56bfc062723c751e8b465ee728b)
Start importing Assets/Sci-Fi Styled Modular Pack/Prefabs/Joints using Guid(91631326900d7ec47b43c88b501ce361) Importer(815301076,1909f56bfc062723c751e8b465ee728b)  -> (artifact id: '59d2076099d9149b3783cdd366aa8425') in 0.003845 seconds 
========================================================================
Received Import Request.
  Time since last request: 0.072671 seconds.
  path: Assets/Sci-Fi Styled Modular Pack/Prefabs/Joints/Joint_T_6.prefab
  artifactKey: Guid(825145a142d78c74b8962c930ad0d269) Importer(815301076,1909f56bfc062723c751e8b465ee728b)
Start importing Assets/Sci-Fi Styled Modular Pack/Prefabs/Joints/Joint_T_6.prefab using Guid(825145a142d78c74b8962c930ad0d269) Importer(815301076,1909f56bfc062723c751e8b465ee728b)  -> (artifact id: 'f1d82930ed945698a2580a510ac36380') in 0.012428 seconds 
========================================================================
Received Import Request.
  Time since last request: 0.000014 seconds.
  path: Assets/Sci-Fi Styled Modular Pack/Prefabs/Joints/Joint_Y_6.prefab
  artifactKey: Guid(a7e2f529ec077f5449e53f9dd39452fe) Importer(815301076,1909f56bfc062723c751e8b465ee728b)
Start importing Assets/Sci-Fi Styled Modular Pack/Prefabs/Joints/Joint_Y_6.prefab using Guid(a7e2f529ec077f5449e53f9dd39452fe) Importer(815301076,1909f56bfc062723c751e8b465ee728b)  -> (artifact id: 'c3bca0d0e16168cf1f2b3b9ae4eceacf') in 0.011461 seconds 
========================================================================
Received Import Request.
  Time since last request: 2.287121 seconds.
  path: Assets/Sci-Fi Styled Modular Pack/Prefabs/Machines
  artifactKey: Guid(91b1e814fa6859c42893a385880afae5) Importer(815301076,1909f56bfc062723c751e8b465ee728b)
Start importing Assets/Sci-Fi Styled Modular Pack/Prefabs/Machines using Guid(91b1e814fa6859c42893a385880afae5) Importer(815301076,1909f56bfc062723c751e8b465ee728b)  -> (artifact id: '3f7d75948638640ca84f069f28a0e9c8') in 0.003828 seconds 
========================================================================
Received Import Request.
  Time since last request: 0.087619 seconds.
  path: Assets/Sci-Fi Styled Modular Pack/Prefabs/Machines/Battery.prefab
  artifactKey: Guid(857b9bcf7311f5a49b829c4fd3cc791f) Importer(815301076,1909f56bfc062723c751e8b465ee728b)
Start importing Assets/Sci-Fi Styled Modular Pack/Prefabs/Machines/Battery.prefab using Guid(857b9bcf7311f5a49b829c4fd3cc791f) Importer(815301076,1909f56bfc062723c751e8b465ee728b)  -> (artifact id: '4abd797f622fac18cec50d233d475036') in 0.015598 seconds 
========================================================================
Received Import Request.
  Time since last request: 0.000012 seconds.
  path: Assets/Sci-Fi Styled Modular Pack/Prefabs/Machines/storage_container_big.prefab
  artifactKey: Guid(c944460b7f1a8ef47b05ebec140bdd17) Importer(815301076,1909f56bfc062723c751e8b465ee728b)
Start importing Assets/Sci-Fi Styled Modular Pack/Prefabs/Machines/storage_container_big.prefab using Guid(c944460b7f1a8ef47b05ebec140bdd17) Importer(815301076,1909f56bfc062723c751e8b465ee728b)  -> (artifact id: 'bc0056005f6d2d4ac55b06d5d53d2a63') in 0.025795 seconds 
========================================================================
Received Import Request.
  Time since last request: 0.000018 seconds.
  path: Assets/Sci-Fi Styled Modular Pack/Prefabs/Machines/container_small.prefab
  artifactKey: Guid(6456a4784f31cab439d29b7e3bb286a4) Importer(815301076,1909f56bfc062723c751e8b465ee728b)
Start importing Assets/Sci-Fi Styled Modular Pack/Prefabs/Machines/container_small.prefab using Guid(6456a4784f31cab439d29b7e3bb286a4) Importer(815301076,1909f56bfc062723c751e8b465ee728b)  -> (artifact id: '444541c9857e2f702afaead69ec240fc') in 0.016149 seconds 
========================================================================
Received Import Request.
  Time since last request: 0.000012 seconds.
  path: Assets/Sci-Fi Styled Modular Pack/Prefabs/Machines/projector_2.prefab
  artifactKey: Guid(b09ac1c0cceeaae479323b022bfe74b1) Importer(815301076,1909f56bfc062723c751e8b465ee728b)
Start importing Assets/Sci-Fi Styled Modular Pack/Prefabs/Machines/projector_2.prefab using Guid(b09ac1c0cceeaae479323b022bfe74b1) Importer(815301076,1909f56bfc062723c751e8b465ee728b)  -> (artifact id: '4fb95a56bbd4bc837c1fd58235cb9603') in 0.021479 seconds 
========================================================================
Received Import Request.
  Time since last request: 0.000016 seconds.
  path: Assets/Sci-Fi Styled Modular Pack/Prefabs/Machines/generator.prefab
  artifactKey: Guid(562f0bb8ba91fe844baf976e5806516d) Importer(815301076,1909f56bfc062723c751e8b465ee728b)
Start importing Assets/Sci-Fi Styled Modular Pack/Prefabs/Machines/generator.prefab using Guid(562f0bb8ba91fe844baf976e5806516d) Importer(815301076,1909f56bfc062723c751e8b465ee728b)  -> (artifact id: '389f531cb5406db84a6a716982f04ba0') in 0.017313 seconds 
========================================================================
Received Import Request.
  Time since last request: 0.000015 seconds.
  path: Assets/Sci-Fi Styled Modular Pack/Prefabs/Machines/projector stars.prefab
  artifactKey: Guid(496fa247adc61d44ebaeaf9d72671287) Importer(815301076,1909f56bfc062723c751e8b465ee728b)
Start importing Assets/Sci-Fi Styled Modular Pack/Prefabs/Machines/projector stars.prefab using Guid(496fa247adc61d44ebaeaf9d72671287) Importer(815301076,1909f56bfc062723c751e8b465ee728b)  -> (artifact id: 'ea0f6ed57e9a3758602ef3b48bc46a70') in 0.035926 seconds 
========================================================================
Received Import Request.
  Time since last request: 0.000020 seconds.
  path: Assets/Sci-Fi Styled Modular Pack/Prefabs/Machines/rotor.prefab
  artifactKey: Guid(cd918f355f278d740a893b9a8b49a85c) Importer(815301076,1909f56bfc062723c751e8b465ee728b)
Start importing Assets/Sci-Fi Styled Modular Pack/Prefabs/Machines/rotor.prefab using Guid(cd918f355f278d740a893b9a8b49a85c) Importer(815301076,1909f56bfc062723c751e8b465ee728b)  -> (artifact id: '4ec830ce32c35db09841eed4c08003e2') in 0.013433 seconds 
========================================================================
Received Import Request.
  Time since last request: 0.000018 seconds.
  path: Assets/Sci-Fi Styled Modular Pack/Prefabs/Machines/Battery_medium.prefab
  artifactKey: Guid(98f508b556c380a4e89204f95af2d3da) Importer(815301076,1909f56bfc062723c751e8b465ee728b)
Start importing Assets/Sci-Fi Styled Modular Pack/Prefabs/Machines/Battery_medium.prefab using Guid(98f508b556c380a4e89204f95af2d3da) Importer(815301076,1909f56bfc062723c751e8b465ee728b)  -> (artifact id: 'bb3b27e9791d24d4c5d0506551414de9') in 0.024522 seconds 
========================================================================
Received Import Request.
  Time since last request: 0.000013 seconds.
  path: Assets/Sci-Fi Styled Modular Pack/Prefabs/Machines/projector.prefab
  artifactKey: Guid(3517d6179b17d7d41b2ab3881cb2cd67) Importer(815301076,1909f56bfc062723c751e8b465ee728b)
Start importing Assets/Sci-Fi Styled Modular Pack/Prefabs/Machines/projector.prefab using Guid(3517d6179b17d7d41b2ab3881cb2cd67) Importer(815301076,1909f56bfc062723c751e8b465ee728b)  -> (artifact id: '23c29e1c7f04800f9921445ab221374f') in 0.019891 seconds 
========================================================================
Received Import Request.
  Time since last request: 0.000013 seconds.
  path: Assets/Sci-Fi Styled Modular Pack/Prefabs/Machines/Shield Core.prefab
  artifactKey: Guid(5f8552cfeac0c29428f4d3d1362bacae) Importer(815301076,1909f56bfc062723c751e8b465ee728b)
Start importing Assets/Sci-Fi Styled Modular Pack/Prefabs/Machines/Shield Core.prefab using Guid(5f8552cfeac0c29428f4d3d1362bacae) Importer(815301076,1909f56bfc062723c751e8b465ee728b)  -> (artifact id: '6bab53ec025b6e1310a06ccf32fd448d') in 0.164556 seconds 
========================================================================
Received Prepare
Registering precompiled user dll's ...
Registered in 0.002568 seconds.
Begin MonoManager ReloadAssembly
Symbol file LoadedFromMemory doesn't match image D:\Unity Projects\PoC\Library\PackageCache\com.unity.visualscripting@1.7.8\Editor\VisualScripting.Core\Dependencies\YamlDotNet\Unity.VisualScripting.YamlDotNet.dll
Symbol file LoadedFromMemory doesn't match image D:\Unity Projects\PoC\Library\PackageCache\com.unity.visualscripting@1.7.8\Editor\VisualScripting.Core\Dependencies\DotNetZip\Unity.VisualScripting.IonicZip.dll
Native extension for WindowsStandalone target not found
Native extension for WebGL target not found
Refreshing native plugins compatible for Editor in 0.96 ms, found 3 plugins.
Preloading 0 native plugins for Editor in 0.00 ms.
Mono: successfully reloaded assembly
- Completed reload, in  0.726 seconds
Domain Reload Profiling:
	ReloadAssembly (727ms)
		BeginReloadAssembly (95ms)
			ExecutionOrderSort (0ms)
			DisableScriptedObjects (4ms)
			BackupInstance (0ms)
			ReleaseScriptingObjects (0ms)
			CreateAndSetChildDomain (32ms)
		EndReloadAssembly (570ms)
			LoadAssemblies (48ms)
			RebuildTransferFunctionScriptingTraits (0ms)
			SetupTypeCache (190ms)
			ReleaseScriptCaches (1ms)
			RebuildScriptCaches (32ms)
			SetupLoadedEditorAssemblies (261ms)
				LogAssemblyErrors (0ms)
				InitializePlatformSupportModulesInManaged (11ms)
				SetLoadedEditorAssemblies (1ms)
				RefreshPlugins (1ms)
				BeforeProcessingInitializeOnLoad (51ms)
				ProcessInitializeOnLoadAttributes (170ms)
				ProcessInitializeOnLoadMethodAttributes (25ms)
				AfterProcessingInitializeOnLoad (2ms)
				EditorAssembliesLoaded (0ms)
			ExecutionOrderSort2 (0ms)
			AwakeInstancesAfterBackupRestoration (5ms)
Platform modules already initialized, skipping
Refreshing native plugins compatible for Editor in 1.36 ms, found 3 plugins.
Preloading 0 native plugins for Editor in 0.00 ms.
Unloading 3364 Unused Serialized files (Serialized files now loaded: 0)
Unloading 20 unused Assets / (78.2 KB). Loaded Objects now: 3838.
Memory consumption went from 120.7 MB to 120.6 MB.
Total: 2.277200 ms (FindLiveObjects: 0.188900 ms CreateObjectMapping: 0.073300 ms MarkObjects: 1.960900 ms  DeleteObjects: 0.053600 ms)

AssetImportParameters requested are different than current active one (requested -> active):
  custom:video-decoder-ogg-theora: a1e56fd34408186e4bbccfd4996cb3dc -> 
  custom:container-muxer-webm: aa71ff27fc2769a1b78a27578f13a17b -> 
  custom:container-demuxer-webm: 4f35f7cbe854078d1ac9338744f61a02 -> 
  custom:video-encoder-webm-vp8: eb34c28f22e8b96e1ab97ce403110664 -> 
  custom:audio-encoder-webm-vorbis: bf7c407c2cedff20999df2af8eb42d56 -> 
  custom:framework-win-MediaFoundation: 216162199b28c13a410421893ffa2e32 -> 
  custom:container-demuxer-ogg: 62fdf1f143b41e24485cea50d1cbac27 -> 
  custom:video-decoder-webm-vp8: 9c59270c3fd7afecdb556c50c9e8de78 -> 
  custom:audio-decoder-ogg-vorbis: bf7c407c2cedff20999df2af8eb42d56 -> 
========================================================================
Received Prepare
Registering precompiled user dll's ...
Registered in 0.002986 seconds.
Begin MonoManager ReloadAssembly
Symbol file LoadedFromMemory doesn't match image D:\Unity Projects\PoC\Library\PackageCache\com.unity.visualscripting@1.7.8\Editor\VisualScripting.Core\Dependencies\YamlDotNet\Unity.VisualScripting.YamlDotNet.dll
Symbol file LoadedFromMemory doesn't match image D:\Unity Projects\PoC\Library\PackageCache\com.unity.visualscripting@1.7.8\Editor\VisualScripting.Core\Dependencies\DotNetZip\Unity.VisualScripting.IonicZip.dll
Native extension for WindowsStandalone target not found
Native extension for WebGL target not found
Refreshing native plugins compatible for Editor in 0.60 ms, found 3 plugins.
Preloading 0 native plugins for Editor in 0.00 ms.
Mono: successfully reloaded assembly
- Completed reload, in  0.728 seconds
Domain Reload Profiling:
	ReloadAssembly (728ms)
		BeginReloadAssembly (94ms)
			ExecutionOrderSort (0ms)
			DisableScriptedObjects (4ms)
			BackupInstance (0ms)
			ReleaseScriptingObjects (0ms)
			CreateAndSetChildDomain (29ms)
		EndReloadAssembly (569ms)
			LoadAssemblies (50ms)
			RebuildTransferFunctionScriptingTraits (0ms)
			SetupTypeCache (188ms)
			ReleaseScriptCaches (1ms)
			RebuildScriptCaches (30ms)
			SetupLoadedEditorAssemblies (261ms)
				LogAssemblyErrors (0ms)
				InitializePlatformSupportModulesInManaged (11ms)
				SetLoadedEditorAssemblies (0ms)
				RefreshPlugins (1ms)
				BeforeProcessingInitializeOnLoad (54ms)
				ProcessInitializeOnLoadAttributes (169ms)
				ProcessInitializeOnLoadMethodAttributes (23ms)
				AfterProcessingInitializeOnLoad (3ms)
				EditorAssembliesLoaded (0ms)
			ExecutionOrderSort2 (0ms)
			AwakeInstancesAfterBackupRestoration (5ms)
Platform modules already initialized, skipping
Refreshing native plugins compatible for Editor in 1.26 ms, found 3 plugins.
Preloading 0 native plugins for Editor in 0.00 ms.
Unloading 3364 Unused Serialized files (Serialized files now loaded: 0)
Unloading 20 unused Assets / (78.2 KB). Loaded Objects now: 3841.
Memory consumption went from 120.7 MB to 120.6 MB.
Total: 2.751200 ms (FindLiveObjects: 0.214100 ms CreateObjectMapping: 0.148900 ms MarkObjects: 2.331600 ms  DeleteObjects: 0.056000 ms)

AssetImportParameters requested are different than current active one (requested -> active):
  custom:video-decoder-ogg-theora: a1e56fd34408186e4bbccfd4996cb3dc -> 
  custom:container-muxer-webm: aa71ff27fc2769a1b78a27578f13a17b -> 
  custom:container-demuxer-webm: 4f35f7cbe854078d1ac9338744f61a02 -> 
  custom:video-encoder-webm-vp8: eb34c28f22e8b96e1ab97ce403110664 -> 
  custom:audio-encoder-webm-vorbis: bf7c407c2cedff20999df2af8eb42d56 -> 
  custom:framework-win-MediaFoundation: 216162199b28c13a410421893ffa2e32 -> 
  custom:container-demuxer-ogg: 62fdf1f143b41e24485cea50d1cbac27 -> 
  custom:video-decoder-webm-vp8: 9c59270c3fd7afecdb556c50c9e8de78 -> 
  custom:audio-decoder-ogg-vorbis: bf7c407c2cedff20999df2af8eb42d56 -> 
========================================================================
Received Import Request.
  Time since last request: 301.646371 seconds.
  path: Assets/Sci-Fi Styled Modular Pack/Prefabs/Floors/floor_1.prefab
  artifactKey: Guid(5bceb99c9fa1f2a4bb9692e518bec46c) Importer(815301076,1909f56bfc062723c751e8b465ee728b)
Start importing Assets/Sci-Fi Styled Modular Pack/Prefabs/Floors/floor_1.prefab using Guid(5bceb99c9fa1f2a4bb9692e518bec46c) Importer(815301076,1909f56bfc062723c751e8b465ee728b)  -> (artifact id: 'a825d59bbb6c2cd235aa2b1bc32b1e0f') in 0.065798 seconds 
========================================================================
Received Import Request.
  Time since last request: 0.000014 seconds.
  path: Assets/Sci-Fi Styled Modular Pack/Prefabs/Floors/floor_5.prefab
  artifactKey: Guid(548a40efc092c6f408cc4d1691b171cc) Importer(815301076,1909f56bfc062723c751e8b465ee728b)
Start importing Assets/Sci-Fi Styled Modular Pack/Prefabs/Floors/floor_5.prefab using Guid(548a40efc092c6f408cc4d1691b171cc) Importer(815301076,1909f56bfc062723c751e8b465ee728b)  -> (artifact id: '60a1a17184aa509b94abc373bd285da9') in 0.009866 seconds 
========================================================================
Received Import Request.
  Time since last request: 0.000021 seconds.
  path: Assets/Sci-Fi Styled Modular Pack/Prefabs/Floors/floor_3_no_clamps.prefab
  artifactKey: Guid(d4c686e5f86722a409d1d35154c22d14) Importer(815301076,1909f56bfc062723c751e8b465ee728b)
Start importing Assets/Sci-Fi Styled Modular Pack/Prefabs/Floors/floor_3_no_clamps.prefab using Guid(d4c686e5f86722a409d1d35154c22d14) Importer(815301076,1909f56bfc062723c751e8b465ee728b)  -> (artifact id: '52de09646dea93cb1cb09c3c58dc5e82') in 0.010325 seconds 
========================================================================
Received Import Request.
  Time since last request: 0.000018 seconds.
  path: Assets/Sci-Fi Styled Modular Pack/Prefabs/Floors/floor_3.prefab
  artifactKey: Guid(a185d2c8149cc7d45a8bc91951812dc1) Importer(815301076,1909f56bfc062723c751e8b465ee728b)
Start importing Assets/Sci-Fi Styled Modular Pack/Prefabs/Floors/floor_3.prefab using Guid(a185d2c8149cc7d45a8bc91951812dc1) Importer(815301076,1909f56bfc062723c751e8b465ee728b)  -> (artifact id: 'ce7c5a9fec6871eb39228fa937675326') in 0.009469 seconds 
========================================================================
Received Import Request.
  Time since last request: 0.000013 seconds.
  path: Assets/Sci-Fi Styled Modular Pack/Prefabs/Floors/floor_2_L.prefab
  artifactKey: Guid(5b3cc55650f95e34797ed0af9c57110a) Importer(815301076,1909f56bfc062723c751e8b465ee728b)
Start importing Assets/Sci-Fi Styled Modular Pack/Prefabs/Floors/floor_2_L.prefab using Guid(5b3cc55650f95e34797ed0af9c57110a) Importer(815301076,1909f56bfc062723c751e8b465ee728b)  -> (artifact id: '564d3c26ac77c4396a47f4fd4273ca65') in 0.024260 seconds 
========================================================================
Received Import Request.
  Time since last request: 0.000017 seconds.
  path: Assets/Sci-Fi Styled Modular Pack/Prefabs/Floors/floor_2_blank.prefab
  artifactKey: Guid(69b3d20c177508d43a1c6f09b448d3ea) Importer(815301076,1909f56bfc062723c751e8b465ee728b)
Start importing Assets/Sci-Fi Styled Modular Pack/Prefabs/Floors/floor_2_blank.prefab using Guid(69b3d20c177508d43a1c6f09b448d3ea) Importer(815301076,1909f56bfc062723c751e8b465ee728b)  -> (artifact id: 'd34c510f62da4ad48aac0cfbb5b0d704') in 0.017193 seconds 
========================================================================
Received Prepare
Registering precompiled user dll's ...
Registered in 0.002544 seconds.
Begin MonoManager ReloadAssembly
Symbol file LoadedFromMemory doesn't match image D:\Unity Projects\PoC\Library\PackageCache\com.unity.visualscripting@1.7.8\Editor\VisualScripting.Core\Dependencies\YamlDotNet\Unity.VisualScripting.YamlDotNet.dll
Symbol file LoadedFromMemory doesn't match image D:\Unity Projects\PoC\Library\PackageCache\com.unity.visualscripting@1.7.8\Editor\VisualScripting.Core\Dependencies\DotNetZip\Unity.VisualScripting.IonicZip.dll
Native extension for WindowsStandalone target not found
Native extension for WebGL target not found
Refreshing native plugins compatible for Editor in 0.61 ms, found 3 plugins.
Preloading 0 native plugins for Editor in 0.00 ms.
Mono: successfully reloaded assembly
- Completed reload, in  0.772 seconds
Domain Reload Profiling:
	ReloadAssembly (772ms)
		BeginReloadAssembly (101ms)
			ExecutionOrderSort (0ms)
			DisableScriptedObjects (4ms)
			BackupInstance (0ms)
			ReleaseScriptingObjects (0ms)
			CreateAndSetChildDomain (34ms)
		EndReloadAssembly (605ms)
			LoadAssemblies (53ms)
			RebuildTransferFunctionScriptingTraits (0ms)
			SetupTypeCache (209ms)
			ReleaseScriptCaches (1ms)
			RebuildScriptCaches (31ms)
			SetupLoadedEditorAssemblies (273ms)
				LogAssemblyErrors (0ms)
				InitializePlatformSupportModulesInManaged (11ms)
				SetLoadedEditorAssemblies (0ms)
				RefreshPlugins (1ms)
				BeforeProcessingInitializeOnLoad (55ms)
				ProcessInitializeOnLoadAttributes (178ms)
				ProcessInitializeOnLoadMethodAttributes (25ms)
				AfterProcessingInitializeOnLoad (3ms)
				EditorAssembliesLoaded (0ms)
			ExecutionOrderSort2 (0ms)
			AwakeInstancesAfterBackupRestoration (5ms)
Platform modules already initialized, skipping
Refreshing native plugins compatible for Editor in 1.68 ms, found 3 plugins.
Preloading 0 native plugins for Editor in 0.00 ms.
Unloading 3364 Unused Serialized files (Serialized files now loaded: 0)
Unloading 20 unused Assets / (78.2 KB). Loaded Objects now: 3844.
Memory consumption went from 120.7 MB to 120.6 MB.
Total: 2.766100 ms (FindLiveObjects: 0.200700 ms CreateObjectMapping: 0.124100 ms MarkObjects: 2.383900 ms  DeleteObjects: 0.056800 ms)

AssetImportParameters requested are different than current active one (requested -> active):
  custom:video-decoder-ogg-theora: a1e56fd34408186e4bbccfd4996cb3dc -> 
  custom:container-muxer-webm: aa71ff27fc2769a1b78a27578f13a17b -> 
  custom:container-demuxer-webm: 4f35f7cbe854078d1ac9338744f61a02 -> 
  custom:video-encoder-webm-vp8: eb34c28f22e8b96e1ab97ce403110664 -> 
  custom:audio-encoder-webm-vorbis: bf7c407c2cedff20999df2af8eb42d56 -> 
  custom:framework-win-MediaFoundation: 216162199b28c13a410421893ffa2e32 -> 
  custom:container-demuxer-ogg: 62fdf1f143b41e24485cea50d1cbac27 -> 
  custom:video-decoder-webm-vp8: 9c59270c3fd7afecdb556c50c9e8de78 -> 
  custom:audio-decoder-ogg-vorbis: bf7c407c2cedff20999df2af8eb42d56 -> 
========================================================================
Received Import Request.
  Time since last request: 33.110628 seconds.
  path: Assets/Sci-Fi Styled Modular Pack/Materials/comuter_wall.mat
  artifactKey: Guid(0d0f1f087865a1c47826008280428fdf) Importer(815301076,1909f56bfc062723c751e8b465ee728b)
Start importing Assets/Sci-Fi Styled Modular Pack/Materials/comuter_wall.mat using Guid(0d0f1f087865a1c47826008280428fdf) Importer(815301076,1909f56bfc062723c751e8b465ee728b)  -> (artifact id: '6f088b4ae804548d700d5b14d22533f9') in 0.208221 seconds 
========================================================================
Received Prepare
Registering precompiled user dll's ...
Registered in 0.003920 seconds.
Begin MonoManager ReloadAssembly
Symbol file LoadedFromMemory doesn't match image D:\Unity Projects\PoC\Library\PackageCache\com.unity.visualscripting@1.7.8\Editor\VisualScripting.Core\Dependencies\YamlDotNet\Unity.VisualScripting.YamlDotNet.dll
Symbol file LoadedFromMemory doesn't match image D:\Unity Projects\PoC\Library\PackageCache\com.unity.visualscripting@1.7.8\Editor\VisualScripting.Core\Dependencies\DotNetZip\Unity.VisualScripting.IonicZip.dll
Native extension for WindowsStandalone target not found
Native extension for WebGL target not found
Refreshing native plugins compatible for Editor in 0.61 ms, found 3 plugins.
Preloading 0 native plugins for Editor in 0.00 ms.
Mono: successfully reloaded assembly
- Completed reload, in  0.691 seconds
Domain Reload Profiling:
	ReloadAssembly (692ms)
		BeginReloadAssembly (93ms)
			ExecutionOrderSort (0ms)
			DisableScriptedObjects (3ms)
			BackupInstance (0ms)
			ReleaseScriptingObjects (0ms)
			CreateAndSetChildDomain (29ms)
		EndReloadAssembly (536ms)
			LoadAssemblies (49ms)
			RebuildTransferFunctionScriptingTraits (0ms)
			SetupTypeCache (167ms)
			ReleaseScriptCaches (1ms)
			RebuildScriptCaches (29ms)
			SetupLoadedEditorAssemblies (255ms)
				LogAssemblyErrors (0ms)
				InitializePlatformSupportModulesInManaged (10ms)
				SetLoadedEditorAssemblies (0ms)
				RefreshPlugins (1ms)
				BeforeProcessingInitializeOnLoad (51ms)
				ProcessInitializeOnLoadAttributes (167ms)
				ProcessInitializeOnLoadMethodAttributes (22ms)
				AfterProcessingInitializeOnLoad (4ms)
				EditorAssembliesLoaded (0ms)
			ExecutionOrderSort2 (0ms)
			AwakeInstancesAfterBackupRestoration (5ms)
Platform modules already initialized, skipping
Refreshing native plugins compatible for Editor in 1.41 ms, found 3 plugins.
Preloading 0 native plugins for Editor in 0.00 ms.
Unloading 3364 Unused Serialized files (Serialized files now loaded: 0)
Unloading 20 unused Assets / (78.2 KB). Loaded Objects now: 3880.
Memory consumption went from 120.9 MB to 120.9 MB.
Total: 2.245700 ms (FindLiveObjects: 0.187300 ms CreateObjectMapping: 0.063500 ms MarkObjects: 1.940800 ms  DeleteObjects: 0.053400 ms)

AssetImportParameters requested are different than current active one (requested -> active):
  custom:video-decoder-ogg-theora: a1e56fd34408186e4bbccfd4996cb3dc -> 
  custom:container-muxer-webm: aa71ff27fc2769a1b78a27578f13a17b -> 
  custom:container-demuxer-webm: 4f35f7cbe854078d1ac9338744f61a02 -> 
  custom:video-encoder-webm-vp8: eb34c28f22e8b96e1ab97ce403110664 -> 
  custom:audio-encoder-webm-vorbis: bf7c407c2cedff20999df2af8eb42d56 -> 
  custom:framework-win-MediaFoundation: 216162199b28c13a410421893ffa2e32 -> 
  custom:container-demuxer-ogg: 62fdf1f143b41e24485cea50d1cbac27 -> 
  custom:video-decoder-webm-vp8: 9c59270c3fd7afecdb556c50c9e8de78 -> 
  custom:audio-decoder-ogg-vorbis: bf7c407c2cedff20999df2af8eb42d56 -> 
========================================================================
Received Prepare
Registering precompiled user dll's ...
Registered in 0.005158 seconds.
Begin MonoManager ReloadAssembly
Symbol file LoadedFromMemory doesn't match image D:\Unity Projects\PoC\Library\PackageCache\com.unity.visualscripting@1.7.8\Editor\VisualScripting.Core\Dependencies\YamlDotNet\Unity.VisualScripting.YamlDotNet.dll
Symbol file LoadedFromMemory doesn't match image D:\Unity Projects\PoC\Library\PackageCache\com.unity.visualscripting@1.7.8\Editor\VisualScripting.Core\Dependencies\DotNetZip\Unity.VisualScripting.IonicZip.dll
Native extension for WindowsStandalone target not found
Native extension for WebGL target not found
Refreshing native plugins compatible for Editor in 0.59 ms, found 3 plugins.
Preloading 0 native plugins for Editor in 0.00 ms.
[ScriptCompilation] NOT recompiling all scripts because this is an import worker process. Reason to compile was: Define symbols changed
Mono: successfully reloaded assembly
- Completed reload, in  0.692 seconds
Domain Reload Profiling:
	ReloadAssembly (692ms)
		BeginReloadAssembly (100ms)
			ExecutionOrderSort (0ms)
			DisableScriptedObjects (4ms)
			BackupInstance (0ms)
			ReleaseScriptingObjects (0ms)
			CreateAndSetChildDomain (29ms)
		EndReloadAssembly (528ms)
			LoadAssemblies (50ms)
			RebuildTransferFunctionScriptingTraits (0ms)
			SetupTypeCache (170ms)
			ReleaseScriptCaches (1ms)
			RebuildScriptCaches (25ms)
			SetupLoadedEditorAssemblies (251ms)
				LogAssemblyErrors (0ms)
				InitializePlatformSupportModulesInManaged (10ms)
				SetLoadedEditorAssemblies (0ms)
				RefreshPlugins (1ms)
				BeforeProcessingInitializeOnLoad (47ms)
				ProcessInitializeOnLoadAttributes (173ms)
				ProcessInitializeOnLoadMethodAttributes (19ms)
				AfterProcessingInitializeOnLoad (2ms)
				EditorAssembliesLoaded (0ms)
			ExecutionOrderSort2 (0ms)
			AwakeInstancesAfterBackupRestoration (4ms)
Platform modules already initialized, skipping
Refreshing native plugins compatible for Editor in 1.25 ms, found 3 plugins.
Preloading 0 native plugins for Editor in 0.00 ms.
Unloading 3497 Unused Serialized files (Serialized files now loaded: 0)
Unloading 59 unused Assets / (3.3 MB). Loaded Objects now: 3977.
Memory consumption went from 133.3 MB to 130.0 MB.
Total: 3.405300 ms (FindLiveObjects: 0.212600 ms CreateObjectMapping: 0.118500 ms MarkObjects: 2.345900 ms  DeleteObjects: 0.727800 ms)

AssetImportParameters requested are different than current active one (requested -> active):
  custom:video-decoder-ogg-theora: a1e56fd34408186e4bbccfd4996cb3dc -> 
  custom:container-muxer-webm: aa71ff27fc2769a1b78a27578f13a17b -> 
  custom:container-demuxer-webm: 4f35f7cbe854078d1ac9338744f61a02 -> 
  custom:video-encoder-webm-vp8: eb34c28f22e8b96e1ab97ce403110664 -> 
  custom:audio-encoder-webm-vorbis: bf7c407c2cedff20999df2af8eb42d56 -> 
  custom:framework-win-MediaFoundation: 216162199b28c13a410421893ffa2e32 -> 
  custom:container-demuxer-ogg: 62fdf1f143b41e24485cea50d1cbac27 -> 
  custom:video-decoder-webm-vp8: 9c59270c3fd7afecdb556c50c9e8de78 -> 
  custom:audio-decoder-ogg-vorbis: bf7c407c2cedff20999df2af8eb42d56 -> 
========================================================================
Received Import Request.
  Time since last request: 264.730655 seconds.
  path: Assets/Sci-Fi Styled Modular Pack/Materials/lattice floor.mat
  artifactKey: Guid(62dcf96e239eb0d4db44cbe622abf152) Importer(815301076,1909f56bfc062723c751e8b465ee728b)
Start importing Assets/Sci-Fi Styled Modular Pack/Materials/lattice floor.mat using Guid(62dcf96e239eb0d4db44cbe622abf152) Importer(815301076,1909f56bfc062723c751e8b465ee728b)  -> (artifact id: '94076f53b0136f991576afb3e108292b') in 0.063988 seconds 
========================================================================
Received Import Request.
  Time since last request: 0.000015 seconds.
  path: Assets/Sci-Fi Styled Modular Pack/Materials/nature_ground.mat
  artifactKey: Guid(71c78677fdc08394da7fd716fb41a991) Importer(815301076,1909f56bfc062723c751e8b465ee728b)
Start importing Assets/Sci-Fi Styled Modular Pack/Materials/nature_ground.mat using Guid(71c78677fdc08394da7fd716fb41a991) Importer(815301076,1909f56bfc062723c751e8b465ee728b)  -> (artifact id: '6b8e537ccc617db0ef86e142a0040151') in 0.089800 seconds 
Editor requested this worker to shutdown with reason: Scaling down because of idle timeout
AssetImportWorker is now disconnected from the server
Process exiting
Exiting without the bug reporter. Application will terminate with return code 0